Using pre-set license
Built from '2020.3/release' branch; Version is '2020.3.7f1 (dd97f2c94397) revision 14522354'; Using compiler version '192528614'; Build Type 'Release'
OS: 'Windows 10 Home; OS build 19041.1052; Version 2004; 64bit' Language: 'en' Physical Memory: 16323 MB
BatchMode: 1, IsHumanControllingUs: 0, StartBugReporterOnCrash: 0, Is64bit: 1, IsPro: 0

 COMMAND LINE ARGUMENTS:
C:\Program Files\Unity\Hub\Editor\2020.3.7f1\Editor\Unity.exe
-adb2
-batchMode
-noUpm
-name
AssetImportWorker1
-projectPath
D:/Unity/Repos/Unity2D/GMTK Chained Together Jam
-logFile
Logs/AssetImportWorker1.log
-srvPort
52991
Successfully changed project path to: D:/Unity/Repos/Unity2D/GMTK Chained Together Jam
D:/Unity/Repos/Unity2D/GMTK Chained Together Jam
Using Asset Import Pipeline V2.
Refreshing native plugins compatible for Editor in 77.94 ms, found 1 plugins.
Preloading 0 native plugins for Editor in 0.00 ms.
Initialize engine version: 2020.3.7f1 (dd97f2c94397)
[Subsystems] Discovering subsystems at path C:/Program Files/Unity/Hub/Editor/2020.3.7f1/Editor/Data/Resources/UnitySubsystems
[Subsystems] Discovering subsystems at path D:/Unity/Repos/Unity2D/GMTK Chained Together Jam/Assets
GfxDevice: creating device client; threaded=0
Direct3D:
    Version:  Direct3D 11.0 [level 11.1]
    Renderer: NVIDIA GeForce GTX 1060 6GB (ID=0x1c03)
    Vendor:   
    VRAM:     6052 MB
    Driver:   27.21.14.5671
Initialize mono
Mono path[0] = 'C:/Program Files/Unity/Hub/Editor/2020.3.7f1/Editor/Data/Managed'
Mono path[1] = 'C:/Program Files/Unity/Hub/Editor/2020.3.7f1/Editor/Data/MonoBleedingEdge/lib/mono/unityjit'
Mono config path = 'C:/Program Files/Unity/Hub/Editor/2020.3.7f1/Editor/Data/MonoBleedingEdge/etc'
Using monoOptions --debugger-agent=transport=dt_socket,embedding=1,server=y,suspend=n,address=127.0.0.1:56080
Begin MonoManager ReloadAssembly
Registering precompiled unity dll's ...
Register platform support module: C:/Program Files/Unity/Hub/Editor/2020.3.7f1/Editor/Data/PlaybackEngines/WebGLSupport/UnityEditor.WebGL.Extensions.dll
Register platform support module: C:/Program Files/Unity/Hub/Editor/2020.3.7f1/Editor/Data/PlaybackEngines/WindowsStandaloneSupport/UnityEditor.WindowsStandalone.Extensions.dll
Registered in 0.003297 seconds.
Native extension for WindowsStandalone target not found
Native extension for WebGL target not found
Refreshing native plugins compatible for Editor in 38.12 ms, found 1 plugins.
Preloading 0 native plugins for Editor in 0.00 ms.
Mono: successfully reloaded assembly
- Completed reload, in  3.280 seconds
Platform modules already initialized, skipping
Registering precompiled user dll's ...
Registered in 0.000817 seconds.
Begin MonoManager ReloadAssembly
Native extension for WindowsStandalone target not found
Native extension for WebGL target not found
Refreshing native plugins compatible for Editor in 37.83 ms, found 1 plugins.
Preloading 0 native plugins for Editor in 0.00 ms.
Mono: successfully reloaded assembly
- Completed reload, in  1.189 seconds
Platform modules already initialized, skipping
========================================================================
Worker process is ready to serve import requests
Launched and connected shader compiler UnityShaderCompiler.exe after 0.06 seconds
Refreshing native plugins compatible for Editor in 0.43 ms, found 1 plugins.
Preloading 0 native plugins for Editor in 0.00 ms.
Unloading 1995 Unused Serialized files (Serialized files now loaded: 0)
System memory in use before: 93.1 MB.
System memory in use after: 93.1 MB.

Unloading 24 unused Assets to reduce memory usage. Loaded Objects now: 2440.
Total: 2.695200 ms (FindLiveObjects: 0.322300 ms CreateObjectMapping: 0.254000 ms MarkObjects: 1.999400 ms  DeleteObjects: 0.118300 ms)

========================================================================
Received Import Request.
  path: Assets/Scenes/Level1.unity
  artifactKey: Guid(2cda990e2423bbf4892e6590ba056729) Importer(815301076,1909f56bfc062723c751e8b465ee728b)
Start importing Assets/Scenes/Level1.unity using Guid(2cda990e2423bbf4892e6590ba056729) Importer(815301076,1909f56bfc062723c751e8b465ee728b)  -> (artifact id: '79d0f368a0d78142458e68300dff9bad') in 0.015525 seconds
  Import took 0.019153 seconds .

========================================================================
Received Import Request.
  Time since last request: 31.989138 seconds.
  path: Assets/Scenes/Menu.unity
  artifactKey: Guid(9f8995a84569e214c89acd40bfb2a86d) Importer(815301076,1909f56bfc062723c751e8b465ee728b)
Start importing Assets/Scenes/Menu.unity using Guid(9f8995a84569e214c89acd40bfb2a86d) Importer(815301076,1909f56bfc062723c751e8b465ee728b)  -> (artifact id: '1b9b579188d16a490bea8f0f31eac8c6') in 0.011626 seconds
  Import took 0.016564 seconds .

========================================================================
Received Import Request.
  Time since last request: 82.559351 seconds.
  path: Assets/Scenes/Level1.unity
  artifactKey: Guid(2cda990e2423bbf4892e6590ba056729) Importer(815301076,1909f56bfc062723c751e8b465ee728b)
Start importing Assets/Scenes/Level1.unity using Guid(2cda990e2423bbf4892e6590ba056729) Importer(815301076,1909f56bfc062723c751e8b465ee728b)  -> (artifact id: 'e23e5eaa8927eee62243c4293b0005eb') in 0.012361 seconds
  Import took 0.017273 seconds .

========================================================================
Received Import Request.
  Time since last request: 29.897364 seconds.
  path: Assets/Sprites/Chain.png
  artifactKey: Guid(67333c95e9e03714cb831b88c5488889) Importer(815301076,1909f56bfc062723c751e8b465ee728b)
Start importing Assets/Sprites/Chain.png using Guid(67333c95e9e03714cb831b88c5488889) Importer(815301076,1909f56bfc062723c751e8b465ee728b)  -> (artifact id: '94f7b56303451fa8a3f1de2695bd6fbc') in 0.104662 seconds
  Import took 0.107625 seconds .

========================================================================
Received Import Request.
  Time since last request: 0.000143 seconds.
  path: Assets/Sprites/UIBG.png
  artifactKey: Guid(e40a2dea8688e8647b21f96a2f08a95a) Importer(815301076,1909f56bfc062723c751e8b465ee728b)
Start importing Assets/Sprites/UIBG.png using Guid(e40a2dea8688e8647b21f96a2f08a95a) Importer(815301076,1909f56bfc062723c751e8b465ee728b)  -> (artifact id: 'c4e1668db3562b71d2b9085cb10b17d5') in 0.023420 seconds
  Import took 0.027112 seconds .

========================================================================
Received Import Request.
  Time since last request: 0.000165 seconds.
  path: Assets/Sprites/Characters.png
  artifactKey: Guid(0de02ccb50e9e2646a752e2009039a6d) Importer(815301076,1909f56bfc062723c751e8b465ee728b)
Start importing Assets/Sprites/Characters.png using Guid(0de02ccb50e9e2646a752e2009039a6d) Importer(815301076,1909f56bfc062723c751e8b465ee728b)  -> (artifact id: '80f8d228cc8dd8a89e462cb2fb6c68fe') in 0.028385 seconds
  Import took 0.031848 seconds .

========================================================================
Received Import Request.
  Time since last request: 0.000180 seconds.
  path: Assets/Sprites/Tile.png
  artifactKey: Guid(1ad42bc2a0e052a47a6c2021f843469b) Importer(815301076,1909f56bfc062723c751e8b465ee728b)
Start importing Assets/Sprites/Tile.png using Guid(1ad42bc2a0e052a47a6c2021f843469b) Importer(815301076,1909f56bfc062723c751e8b465ee728b)  -> (artifact id: '9bf73bdde74f3413418de337375b6257') in 0.028259 seconds
  Import took 0.032609 seconds .

========================================================================
Received Import Request.
  Time since last request: 11.005381 seconds.
  path: Assets/Sprites/Characters.png
  artifactKey: Guid(0de02ccb50e9e2646a752e2009039a6d) Importer(815301076,1909f56bfc062723c751e8b465ee728b)
Start importing Assets/Sprites/Characters.png using Guid(0de02ccb50e9e2646a752e2009039a6d) Importer(815301076,1909f56bfc062723c751e8b465ee728b)  -> (artifact id: 'ac782e633d7891abf47ca6a37f935e0d') in 0.023388 seconds
  Import took 0.028166 seconds .

========================================================================
Received Import Request.
  Time since last request: 0.030339 seconds.
  path: Assets/Sprites/Characters.png
  artifactKey: Guid(0de02ccb50e9e2646a752e2009039a6d) Importer(815301076,1909f56bfc062723c751e8b465ee728b)
Start importing Assets/Sprites/Characters.png using Guid(0de02ccb50e9e2646a752e2009039a6d) Importer(815301076,1909f56bfc062723c751e8b465ee728b)  -> (artifact id: 'ac782e633d7891abf47ca6a37f935e0d') in 0.011676 seconds
  Import took 0.015363 seconds .

========================================================================
Received Import Request.
  Time since last request: 34.122110 seconds.
  path: Assets/Sprites/Characters.png
  artifactKey: Guid(0de02ccb50e9e2646a752e2009039a6d) Importer(815301076,1909f56bfc062723c751e8b465ee728b)
Start importing Assets/Sprites/Characters.png using Guid(0de02ccb50e9e2646a752e2009039a6d) Importer(815301076,1909f56bfc062723c751e8b465ee728b)  -> (artifact id: '1f63a70cb5d79f006ee4450d0c5585a4') in 0.019970 seconds
  Import took 0.025214 seconds .

========================================================================
Received Import Request.
  Time since last request: 73.454013 seconds.
  path: Assets/Sprites/Characters.png
  artifactKey: Guid(0de02ccb50e9e2646a752e2009039a6d) Importer(815301076,1909f56bfc062723c751e8b465ee728b)
Start importing Assets/Sprites/Characters.png using Guid(0de02ccb50e9e2646a752e2009039a6d) Importer(815301076,1909f56bfc062723c751e8b465ee728b)  -> (artifact id: '51f700ab7942a8cf97487d2ee1297820') in 0.017595 seconds
  Import took 0.021197 seconds .

========================================================================
Received Import Request.
  Time since last request: 34.412658 seconds.
  path: Assets/Sprites/Characters.png
  artifactKey: Guid(0de02ccb50e9e2646a752e2009039a6d) Importer(815301076,1909f56bfc062723c751e8b465ee728b)
Start importing Assets/Sprites/Characters.png using Guid(0de02ccb50e9e2646a752e2009039a6d) Importer(815301076,1909f56bfc062723c751e8b465ee728b)  -> (artifact id: '9deb18c3092816c38e53464a6a8a8e0a') in 0.014961 seconds
  Import took 0.018998 seconds .

========================================================================
Received Import Request.
  Time since last request: 88.161868 seconds.
  path: Assets/Sprites/HappyCharacter.png
  artifactKey: Guid(34ab0834f9a28834a9e745ae83166ccd) Importer(815301076,1909f56bfc062723c751e8b465ee728b)
Start importing Assets/Sprites/HappyCharacter.png using Guid(34ab0834f9a28834a9e745ae83166ccd) Importer(815301076,1909f56bfc062723c751e8b465ee728b)  -> (artifact id: '30a1472c0d4a6200b98fabc91b16ac18') in 0.024821 seconds
  Import took 0.028654 seconds .

========================================================================
Received Import Request.
  Time since last request: 8.326398 seconds.
  path: Assets/Sprites/HappyCharacter.png
  artifactKey: Guid(34ab0834f9a28834a9e745ae83166ccd) Importer(815301076,1909f56bfc062723c751e8b465ee728b)
Start importing Assets/Sprites/HappyCharacter.png using Guid(34ab0834f9a28834a9e745ae83166ccd) Importer(815301076,1909f56bfc062723c751e8b465ee728b)  -> (artifact id: 'b74833a2f31287f7f7dfb592f0b07f41') in 0.016234 seconds
  Import took 0.051670 seconds .

========================================================================
Received Import Request.
  Time since last request: 3.535800 seconds.
  path: Assets/Sprites/Characters.png
  artifactKey: Guid(0de02ccb50e9e2646a752e2009039a6d) Importer(815301076,1909f56bfc062723c751e8b465ee728b)
Start importing Assets/Sprites/Characters.png using Guid(0de02ccb50e9e2646a752e2009039a6d) Importer(815301076,1909f56bfc062723c751e8b465ee728b)  -> (artifact id: 'dc2c2a48063e42501df5bdb0720180fa') in 0.022456 seconds
  Import took 0.026018 seconds .

========================================================================
Received Prepare
Registering precompiled user dll's ...
Registered in 0.004420 seconds.
Begin MonoManager ReloadAssembly
Native extension for WindowsStandalone target not found
Native extension for WebGL target not found
Refreshing native plugins compatible for Editor in 0.38 ms, found 1 plugins.
Preloading 0 native plugins for Editor in 0.00 ms.
Mono: successfully reloaded assembly
- Completed reload, in  0.895 seconds
Platform modules already initialized, skipping
Refreshing native plugins compatible for Editor in 0.33 ms, found 1 plugins.
Preloading 0 native plugins for Editor in 0.00 ms.
Unloading 1974 Unused Serialized files (Serialized files now loaded: 0)
System memory in use before: 94.6 MB.
System memory in use after: 94.6 MB.

Unloading 12 unused Assets to reduce memory usage. Loaded Objects now: 2450.
Total: 2.328900 ms (FindLiveObjects: 0.226600 ms CreateObjectMapping: 0.075700 ms MarkObjects: 1.905900 ms  DeleteObjects: 0.119200 ms)

========================================================================
Received Import Request.
  Time since last request: 67.174340 seconds.
  path: Assets/Sprites/HappyCharacter.png
  artifactKey: Guid(34ab0834f9a28834a9e745ae83166ccd) Importer(815301076,1909f56bfc062723c751e8b465ee728b)
Start importing Assets/Sprites/HappyCharacter.png using Guid(34ab0834f9a28834a9e745ae83166ccd) Importer(815301076,1909f56bfc062723c751e8b465ee728b)  -> (artifact id: '1eb1abe413388d0f3ed60cf08d28a519') in 0.050202 seconds
  Import took 0.054265 seconds .

========================================================================
Received Import Request.
  Time since last request: 0.000156 seconds.
  path: Assets/Sprites/Characters.png
  artifactKey: Guid(0de02ccb50e9e2646a752e2009039a6d) Importer(815301076,1909f56bfc062723c751e8b465ee728b)
Start importing Assets/Sprites/Characters.png using Guid(0de02ccb50e9e2646a752e2009039a6d) Importer(815301076,1909f56bfc062723c751e8b465ee728b)  -> (artifact id: '17219f4188f35abb0f44a40d9cf74e66') in 0.021230 seconds
  Import took 0.025338 seconds .

========================================================================
Received Import Request.
  Time since last request: 10.051334 seconds.
  path: Assets/Sprites/HappyCharacter.png
  artifactKey: Guid(34ab0834f9a28834a9e745ae83166ccd) Importer(815301076,1909f56bfc062723c751e8b465ee728b)
Start importing Assets/Sprites/HappyCharacter.png using Guid(34ab0834f9a28834a9e745ae83166ccd) Importer(815301076,1909f56bfc062723c751e8b465ee728b)  -> (artifact id: 'd62f86b0f08fa20c8ffe311d16d722f0') in 0.009954 seconds
  Import took 0.013643 seconds .

========================================================================
Received Import Request.
  Time since last request: 0.022829 seconds.
  path: Assets/Sprites/HappyCharacter.png
  artifactKey: Guid(34ab0834f9a28834a9e745ae83166ccd) Importer(815301076,1909f56bfc062723c751e8b465ee728b)
Start importing Assets/Sprites/HappyCharacter.png using Guid(34ab0834f9a28834a9e745ae83166ccd) Importer(815301076,1909f56bfc062723c751e8b465ee728b)  -> (artifact id: 'd62f86b0f08fa20c8ffe311d16d722f0') in 0.022537 seconds
  Import took 0.029640 seconds .

========================================================================
Received Prepare
Registering precompiled user dll's ...
Registered in 0.000794 seconds.
Begin MonoManager ReloadAssembly
Native extension for WindowsStandalone target not found
Native extension for WebGL target not found
Refreshing native plugins compatible for Editor in 0.49 ms, found 1 plugins.
Preloading 0 native plugins for Editor in 0.00 ms.
Mono: successfully reloaded assembly
- Completed reload, in  1.074 seconds
Platform modules already initialized, skipping
Refreshing native plugins compatible for Editor in 0.40 ms, found 1 plugins.
Preloading 0 native plugins for Editor in 0.00 ms.
Unloading 1974 Unused Serialized files (Serialized files now loaded: 0)
System memory in use before: 94.7 MB.
System memory in use after: 94.7 MB.

Unloading 12 unused Assets to reduce memory usage. Loaded Objects now: 2455.
Total: 1.828600 ms (FindLiveObjects: 0.181500 ms CreateObjectMapping: 0.072900 ms MarkObjects: 1.485400 ms  DeleteObjects: 0.087200 ms)

========================================================================
Received Prepare
Registering precompiled user dll's ...
Registered in 0.000774 seconds.
Begin MonoManager ReloadAssembly
Native extension for WindowsStandalone target not found
Native extension for WebGL target not found
Refreshing native plugins compatible for Editor in 0.34 ms, found 1 plugins.
Preloading 0 native plugins for Editor in 0.00 ms.
Mono: successfully reloaded assembly
- Completed reload, in  1.154 seconds
Platform modules already initialized, skipping
Refreshing native plugins compatible for Editor in 0.36 ms, found 1 plugins.
Preloading 0 native plugins for Editor in 0.00 ms.
Unloading 1974 Unused Serialized files (Serialized files now loaded: 0)
System memory in use before: 94.7 MB.
System memory in use after: 94.7 MB.

Unloading 12 unused Assets to reduce memory usage. Loaded Objects now: 2459.
Total: 3.562500 ms (FindLiveObjects: 0.293300 ms CreateObjectMapping: 0.104200 ms MarkObjects: 3.041600 ms  DeleteObjects: 0.121800 ms)

========================================================================
Received Import Request.
  Time since last request: 669.498460 seconds.
  path: Assets/Sprites/DeadCharacter.png
  artifactKey: Guid(14e3125211d46e2469702f85c8f0626c) Importer(815301076,1909f56bfc062723c751e8b465ee728b)
Start importing Assets/Sprites/DeadCharacter.png using Guid(14e3125211d46e2469702f85c8f0626c) Importer(815301076,1909f56bfc062723c751e8b465ee728b)  -> (artifact id: '366d6984bd90f672608562f7059f9ba0') in 0.075302 seconds
  Import took 0.079607 seconds .

========================================================================
Received Import Request.
  Time since last request: 0.000157 seconds.
  path: Assets/Sprites/WorriedFace.png
  artifactKey: Guid(73bde05741797344ab6042b4a4136707) Importer(815301076,1909f56bfc062723c751e8b465ee728b)
Start importing Assets/Sprites/WorriedFace.png using Guid(73bde05741797344ab6042b4a4136707) Importer(815301076,1909f56bfc062723c751e8b465ee728b)  -> (artifact id: 'e8ede255e6031132f348cb314b18c91c') in 0.050252 seconds
  Import took 0.056403 seconds .

========================================================================
Received Import Request.
  Time since last request: 0.000174 seconds.
  path: Assets/Sprites/DeadCharacter.png
  artifactKey: Guid(14e3125211d46e2469702f85c8f0626c) Importer(815301076,1909f56bfc062723c751e8b465ee728b)
Start importing Assets/Sprites/DeadCharacter.png using Guid(14e3125211d46e2469702f85c8f0626c) Importer(815301076,1909f56bfc062723c751e8b465ee728b)  -> (artifact id: '366d6984bd90f672608562f7059f9ba0') in 0.027475 seconds
  Import took 0.033805 seconds .

========================================================================
Received Import Request.
  Time since last request: 0.000207 seconds.
  path: Assets/Sprites/WorriedFace.png
  artifactKey: Guid(73bde05741797344ab6042b4a4136707) Importer(815301076,1909f56bfc062723c751e8b465ee728b)
Start importing Assets/Sprites/WorriedFace.png using Guid(73bde05741797344ab6042b4a4136707) Importer(815301076,1909f56bfc062723c751e8b465ee728b)  -> (artifact id: 'e8ede255e6031132f348cb314b18c91c') in 0.020725 seconds
  Import took 0.025370 seconds .

========================================================================
Received Prepare
Registering precompiled user dll's ...
Registered in 0.000757 seconds.
Begin MonoManager ReloadAssembly
Native extension for WindowsStandalone target not found
Native extension for WebGL target not found
Refreshing native plugins compatible for Editor in 0.36 ms, found 1 plugins.
Preloading 0 native plugins for Editor in 0.00 ms.
Mono: successfully reloaded assembly
- Completed reload, in  1.023 seconds
Platform modules already initialized, skipping
Refreshing native plugins compatible for Editor in 0.38 ms, found 1 plugins.
Preloading 0 native plugins for Editor in 0.00 ms.
Unloading 1974 Unused Serialized files (Serialized files now loaded: 0)
System memory in use before: 94.7 MB.
System memory in use after: 94.7 MB.

Unloading 12 unused Assets to reduce memory usage. Loaded Objects now: 2464.
Total: 2.235600 ms (FindLiveObjects: 0.185300 ms CreateObjectMapping: 0.076400 ms MarkObjects: 1.882600 ms  DeleteObjects: 0.090100 ms)

========================================================================
Received Import Request.
  Time since last request: 23.882337 seconds.
  path: Assets/Sprites/DeadCharacter.png
  artifactKey: Guid(14e3125211d46e2469702f85c8f0626c) Importer(815301076,1909f56bfc062723c751e8b465ee728b)
Start importing Assets/Sprites/DeadCharacter.png using Guid(14e3125211d46e2469702f85c8f0626c) Importer(815301076,1909f56bfc062723c751e8b465ee728b)  -> (artifact id: '4af31b6615bc77bf57cdba44e10b1380') in 0.054243 seconds
  Import took 0.057762 seconds .

========================================================================
Received Import Request.
  Time since last request: 5.725797 seconds.
  path: Assets/Sprites/WorriedFace.png
  artifactKey: Guid(73bde05741797344ab6042b4a4136707) Importer(815301076,1909f56bfc062723c751e8b465ee728b)
Start importing Assets/Sprites/WorriedFace.png using Guid(73bde05741797344ab6042b4a4136707) Importer(815301076,1909f56bfc062723c751e8b465ee728b)  -> (artifact id: 'f5e449fa854c8853090669ca4fbc42d5') in 0.027418 seconds
  Import took 0.031533 seconds .

========================================================================
Received Prepare
Registering precompiled user dll's ...
Registered in 0.000767 seconds.
Begin MonoManager ReloadAssembly
Native extension for WindowsStandalone target not found
Native extension for WebGL target not found
Refreshing native plugins compatible for Editor in 0.35 ms, found 1 plugins.
Preloading 0 native plugins for Editor in 0.00 ms.
Mono: successfully reloaded assembly
- Completed reload, in  1.157 seconds
Platform modules already initialized, skipping
Refreshing native plugins compatible for Editor in 0.38 ms, found 1 plugins.
Preloading 0 native plugins for Editor in 0.00 ms.
Unloading 1974 Unused Serialized files (Serialized files now loaded: 0)
System memory in use before: 94.7 MB.
System memory in use after: 94.7 MB.

Unloading 12 unused Assets to reduce memory usage. Loaded Objects now: 2469.
Total: 2.753900 ms (FindLiveObjects: 0.171500 ms CreateObjectMapping: 0.066100 ms MarkObjects: 2.339500 ms  DeleteObjects: 0.175400 ms)

========================================================================
Received Prepare
Registering precompiled user dll's ...
Registered in 0.000932 seconds.
Begin MonoManager ReloadAssembly
Native extension for WindowsStandalone target not found
Native extension for WebGL target not found
Refreshing native plugins compatible for Editor in 0.36 ms, found 1 plugins.
Preloading 0 native plugins for Editor in 0.00 ms.
Mono: successfully reloaded assembly
- Completed reload, in  0.977 seconds
Platform modules already initialized, skipping
Refreshing native plugins compatible for Editor in 0.34 ms, found 1 plugins.
Preloading 0 native plugins for Editor in 0.00 ms.
Unloading 1974 Unused Serialized files (Serialized files now loaded: 0)
System memory in use before: 94.7 MB.
System memory in use after: 94.7 MB.

Unloading 12 unused Assets to reduce memory usage. Loaded Objects now: 2473.
Total: 2.662900 ms (FindLiveObjects: 0.187200 ms CreateObjectMapping: 0.071000 ms MarkObjects: 2.306900 ms  DeleteObjects: 0.096200 ms)

========================================================================
Received Prepare
Registering precompiled user dll's ...
Registered in 0.001025 seconds.
Begin MonoManager ReloadAssembly
Native extension for WindowsStandalone target not found
Native extension for WebGL target not found
Refreshing native plugins compatible for Editor in 0.38 ms, found 1 plugins.
Preloading 0 native plugins for Editor in 0.00 ms.
Mono: successfully reloaded assembly
- Completed reload, in  0.919 seconds
Platform modules already initialized, skipping
Refreshing native plugins compatible for Editor in 0.38 ms, found 1 plugins.
Preloading 0 native plugins for Editor in 0.00 ms.
Unloading 1974 Unused Serialized files (Serialized files now loaded: 0)
System memory in use before: 94.7 MB.
System memory in use after: 94.8 MB.

Unloading 12 unused Assets to reduce memory usage. Loaded Objects now: 2477.
Total: 3.332500 ms (FindLiveObjects: 0.211200 ms CreateObjectMapping: 0.087900 ms MarkObjects: 2.904500 ms  DeleteObjects: 0.126800 ms)

========================================================================
Received Prepare
Registering precompiled user dll's ...
Registered in 0.000826 seconds.
Begin MonoManager ReloadAssembly
Native extension for WindowsStandalone target not found
Native extension for WebGL target not found
Refreshing native plugins compatible for Editor in 0.36 ms, found 1 plugins.
Preloading 0 native plugins for Editor in 0.00 ms.
Mono: successfully reloaded assembly
- Completed reload, in  0.921 seconds
Platform modules already initialized, skipping
Refreshing native plugins compatible for Editor in 0.35 ms, found 1 plugins.
Preloading 0 native plugins for Editor in 0.00 ms.
Unloading 1974 Unused Serialized files (Serialized files now loaded: 0)
System memory in use before: 94.8 MB.
System memory in use after: 94.8 MB.

Unloading 12 unused Assets to reduce memory usage. Loaded Objects now: 2481.
Total: 2.931600 ms (FindLiveObjects: 0.206600 ms CreateObjectMapping: 0.157500 ms MarkObjects: 2.455500 ms  DeleteObjects: 0.110400 ms)

========================================================================
Received Import Request.
  Time since last request: 250.630919 seconds.
  path: Assets/Scenes/EmptyLevelTemplate 1.unity
  artifactKey: Guid(7fabfb083425f11459a082423f0a8283) Importer(815301076,1909f56bfc062723c751e8b465ee728b)
Start importing Assets/Scenes/EmptyLevelTemplate 1.unity using Guid(7fabfb083425f11459a082423f0a8283) Importer(815301076,1909f56bfc062723c751e8b465ee728b)  -> (artifact id: '989a31e82fd7c5aa6dcc86190f518166') in 0.020452 seconds
  Import took 0.025019 seconds .

========================================================================
Received Import Request.
  Time since last request: 7.666706 seconds.
  path: Assets/Scenes/EmptyLevelTemplate 2.unity
  artifactKey: Guid(f57660247ca948444b31cfba2f8a5b41) Importer(815301076,1909f56bfc062723c751e8b465ee728b)
Start importing Assets/Scenes/EmptyLevelTemplate 2.unity using Guid(f57660247ca948444b31cfba2f8a5b41) Importer(815301076,1909f56bfc062723c751e8b465ee728b)  -> (artifact id: 'ef65f69daa5261a20a061aee6620e5cc') in 0.025587 seconds
  Import took 0.031062 seconds .

========================================================================
Received Import Request.
  Time since last request: 6.258259 seconds.
  path: Assets/Scenes/Level1.unity
  artifactKey: Guid(2cda990e2423bbf4892e6590ba056729) Importer(815301076,1909f56bfc062723c751e8b465ee728b)
Start importing Assets/Scenes/Level1.unity using Guid(2cda990e2423bbf4892e6590ba056729) Importer(815301076,1909f56bfc062723c751e8b465ee728b)  -> (artifact id: '3e99eeca0c58e2b8ccd627a49777e962') in 0.007438 seconds
  Import took 0.013490 seconds .

========================================================================
Received Import Request.
  Time since last request: 0.000509 seconds.
  path: Assets/Scenes/Level1.unity
  artifactKey: Guid(2cda990e2423bbf4892e6590ba056729) Importer(815301076,1909f56bfc062723c751e8b465ee728b)
Start importing Assets/Scenes/Level1.unity using Guid(2cda990e2423bbf4892e6590ba056729) Importer(815301076,1909f56bfc062723c751e8b465ee728b)  -> (artifact id: '3e99eeca0c58e2b8ccd627a49777e962') in 0.006695 seconds
  Import took 0.010813 seconds .

========================================================================
Received Import Request.
  Time since last request: 15.157426 seconds.
  path: Assets/Scenes/Level13.unity
  artifactKey: Guid(f57660247ca948444b31cfba2f8a5b41) Importer(815301076,1909f56bfc062723c751e8b465ee728b)
Start importing Assets/Scenes/Level13.unity using Guid(f57660247ca948444b31cfba2f8a5b41) Importer(815301076,1909f56bfc062723c751e8b465ee728b)  -> (artifact id: '295fac540a8675e33fdfd2a3daf9d098') in 0.012384 seconds
  Import took 0.018106 seconds .

========================================================================
Received Prepare
Registering precompiled user dll's ...
Registered in 0.000756 seconds.
Begin MonoManager ReloadAssembly
Native extension for WindowsStandalone target not found
Native extension for WebGL target not found
Refreshing native plugins compatible for Editor in 0.38 ms, found 1 plugins.
Preloading 0 native plugins for Editor in 0.00 ms.
Mono: successfully reloaded assembly
- Completed reload, in  1.335 seconds
Platform modules already initialized, skipping
Refreshing native plugins compatible for Editor in 0.41 ms, found 1 plugins.
Preloading 0 native plugins for Editor in 0.00 ms.
Unloading 1974 Unused Serialized files (Serialized files now loaded: 0)
System memory in use before: 94.8 MB.
System memory in use after: 94.8 MB.

Unloading 12 unused Assets to reduce memory usage. Loaded Objects now: 2485.
Total: 3.706700 ms (FindLiveObjects: 0.954100 ms CreateObjectMapping: 0.125300 ms MarkObjects: 2.514900 ms  DeleteObjects: 0.111100 ms)

========================================================================
Received Prepare
Registering precompiled user dll's ...
Registered in 0.001082 seconds.
Begin MonoManager ReloadAssembly
Native extension for WindowsStandalone target not found
Native extension for WebGL target not found
Refreshing native plugins compatible for Editor in 0.36 ms, found 1 plugins.
Preloading 0 native plugins for Editor in 0.00 ms.
Mono: successfully reloaded assembly
- Completed reload, in  1.453 seconds
Platform modules already initialized, skipping
Refreshing native plugins compatible for Editor in 0.37 ms, found 1 plugins.
Preloading 0 native plugins for Editor in 0.00 ms.
Unloading 1974 Unused Serialized files (Serialized files now loaded: 0)
System memory in use before: 94.8 MB.
System memory in use after: 94.8 MB.

Unloading 12 unused Assets to reduce memory usage. Loaded Objects now: 2489.
Total: 3.185400 ms (FindLiveObjects: 0.787100 ms CreateObjectMapping: 0.181000 ms MarkObjects: 2.092000 ms  DeleteObjects: 0.118000 ms)

========================================================================
Received Prepare
Registering precompiled user dll's ...
Registered in 0.000797 seconds.
Begin MonoManager ReloadAssembly
Native extension for WindowsStandalone target not found
Native extension for WebGL target not found
Refreshing native plugins compatible for Editor in 0.38 ms, found 1 plugins.
Preloading 0 native plugins for Editor in 0.00 ms.
Mono: successfully reloaded assembly
- Completed reload, in  1.343 seconds
Platform modules already initialized, skipping
Refreshing native plugins compatible for Editor in 0.36 ms, found 1 plugins.
Preloading 0 native plugins for Editor in 0.00 ms.
Unloading 1974 Unused Serialized files (Serialized files now loaded: 0)
System memory in use before: 94.8 MB.
System memory in use after: 94.8 MB.

Unloading 12 unused Assets to reduce memory usage. Loaded Objects now: 2493.
Total: 2.294300 ms (FindLiveObjects: 0.182500 ms CreateObjectMapping: 0.074200 ms MarkObjects: 1.936800 ms  DeleteObjects: 0.099500 ms)

========================================================================
Received Prepare
Registering precompiled user dll's ...
Registered in 0.000747 seconds.
Begin MonoManager ReloadAssembly
Native extension for WindowsStandalone target not found
Native extension for WebGL target not found
Refreshing native plugins compatible for Editor in 0.37 ms, found 1 plugins.
Preloading 0 native plugins for Editor in 0.00 ms.
Mono: successfully reloaded assembly
- Completed reload, in  1.210 seconds
Platform modules already initialized, skipping
Refreshing native plugins compatible for Editor in 0.53 ms, found 1 plugins.
Preloading 0 native plugins for Editor in 0.00 ms.
Unloading 1974 Unused Serialized files (Serialized files now loaded: 0)
System memory in use before: 94.8 MB.
System memory in use after: 94.8 MB.

Unloading 12 unused Assets to reduce memory usage. Loaded Objects now: 2497.
Total: 2.053200 ms (FindLiveObjects: 0.199300 ms CreateObjectMapping: 0.071600 ms MarkObjects: 1.679600 ms  DeleteObjects: 0.101700 ms)

========================================================================
Received Prepare
Registering precompiled user dll's ...
Registered in 0.000958 seconds.
Begin MonoManager ReloadAssembly
Native extension for WindowsStandalone target not found
Native extension for WebGL target not found
Refreshing native plugins compatible for Editor in 0.38 ms, found 1 plugins.
Preloading 0 native plugins for Editor in 0.00 ms.
Mono: successfully reloaded assembly
- Completed reload, in  0.976 seconds
Platform modules already initialized, skipping
Refreshing native plugins compatible for Editor in 0.54 ms, found 1 plugins.
Preloading 0 native plugins for Editor in 0.00 ms.
Unloading 1974 Unused Serialized files (Serialized files now loaded: 0)
System memory in use before: 94.8 MB.
System memory in use after: 94.8 MB.

Unloading 12 unused Assets to reduce memory usage. Loaded Objects now: 2501.
Total: 2.526100 ms (FindLiveObjects: 0.226500 ms CreateObjectMapping: 0.085700 ms MarkObjects: 2.114500 ms  DeleteObjects: 0.097900 ms)

========================================================================
Received Import Request.
  Time since last request: 2065.599763 seconds.
  path: Assets/Scenes/EmptyLevelTemplate 2.unity
  artifactKey: Guid(86f387412a1c6c04a99e20fa85e5f083) Importer(815301076,1909f56bfc062723c751e8b465ee728b)
Start importing Assets/Scenes/EmptyLevelTemplate 2.unity using Guid(86f387412a1c6c04a99e20fa85e5f083) Importer(815301076,1909f56bfc062723c751e8b465ee728b)  -> (artifact id: '96311b9536c86bdb97d47f9d27b97512') in 0.020490 seconds
  Import took 0.043025 seconds .

========================================================================
Received Import Request.
  Time since last request: 4.732362 seconds.
  path: Assets/Scenes/Level 14.unity
  artifactKey: Guid(86f387412a1c6c04a99e20fa85e5f083) Importer(815301076,1909f56bfc062723c751e8b465ee728b)
Start importing Assets/Scenes/Level 14.unity using Guid(86f387412a1c6c04a99e20fa85e5f083) Importer(815301076,1909f56bfc062723c751e8b465ee728b)  -> (artifact id: 'd224f4ddec5dbbe8e1beac4dcfbfb297') in 0.018742 seconds
  Import took 0.022152 seconds .

========================================================================
Received Import Request.
  Time since last request: 7.973239 seconds.
  path: Assets/Scenes/Level14.unity
  artifactKey: Guid(86f387412a1c6c04a99e20fa85e5f083) Importer(815301076,1909f56bfc062723c751e8b465ee728b)
Start importing Assets/Scenes/Level14.unity using Guid(86f387412a1c6c04a99e20fa85e5f083) Importer(815301076,1909f56bfc062723c751e8b465ee728b)  -> (artifact id: 'ca8e3f2a9be340d793ea04832ba10c1f') in 0.018661 seconds
  Import took 0.022007 seconds .

========================================================================
Received Prepare
Registering precompiled user dll's ...
Registered in 0.000750 seconds.
Begin MonoManager ReloadAssembly
Native extension for WindowsStandalone target not found
Native extension for WebGL target not found
Refreshing native plugins compatible for Editor in 1.04 ms, found 1 plugins.
Preloading 0 native plugins for Editor in 0.00 ms.
Mono: successfully reloaded assembly
- Completed reload, in  1.339 seconds
Platform modules already initialized, skipping
Refreshing native plugins compatible for Editor in 0.36 ms, found 1 plugins.
Preloading 0 native plugins for Editor in 0.00 ms.
Unloading 1974 Unused Serialized files (Serialized files now loaded: 0)
System memory in use before: 94.9 MB.
System memory in use after: 94.9 MB.

Unloading 12 unused Assets to reduce memory usage. Loaded Objects now: 2505.
Total: 2.373700 ms (FindLiveObjects: 0.211600 ms CreateObjectMapping: 0.077900 ms MarkObjects: 1.982900 ms  DeleteObjects: 0.099700 ms)

========================================================================
Received Prepare
Registering precompiled user dll's ...
Registered in 0.000721 seconds.
Begin MonoManager ReloadAssembly
Native extension for WindowsStandalone target not found
Native extension for WebGL target not found
Refreshing native plugins compatible for Editor in 0.37 ms, found 1 plugins.
Preloading 0 native plugins for Editor in 0.00 ms.
Mono: successfully reloaded assembly
- Completed reload, in  0.952 seconds
Platform modules already initialized, skipping
Refreshing native plugins compatible for Editor in 0.36 ms, found 1 plugins.
Preloading 0 native plugins for Editor in 0.00 ms.
Unloading 1974 Unused Serialized files (Serialized files now loaded: 0)
System memory in use before: 94.9 MB.
System memory in use after: 94.9 MB.

Unloading 12 unused Assets to reduce memory usage. Loaded Objects now: 2509.
Total: 6.940300 ms (FindLiveObjects: 0.242200 ms CreateObjectMapping: 0.084900 ms MarkObjects: 6.509400 ms  DeleteObjects: 0.102200 ms)

========================================================================
Received Prepare
Registering precompiled user dll's ...
Registered in 0.000812 seconds.
Begin MonoManager ReloadAssembly
Native extension for WindowsStandalone target not found
Native extension for WebGL target not found
Refreshing native plugins compatible for Editor in 0.41 ms, found 1 plugins.
Preloading 0 native plugins for Editor in 0.00 ms.
Mono: successfully reloaded assembly
- Completed reload, in  1.312 seconds
Platform modules already initialized, skipping
Refreshing native plugins compatible for Editor in 0.68 ms, found 1 plugins.
Preloading 0 native plugins for Editor in 0.00 ms.
Unloading 1974 Unused Serialized files (Serialized files now loaded: 0)
System memory in use before: 94.9 MB.
System memory in use after: 94.9 MB.

Unloading 12 unused Assets to reduce memory usage. Loaded Objects now: 2513.
Total: 3.312700 ms (FindLiveObjects: 0.721900 ms CreateObjectMapping: 0.106300 ms MarkObjects: 2.257700 ms  DeleteObjects: 0.225400 ms)

========================================================================
Received Import Request.
  Time since last request: 926.929386 seconds.
  path: Assets/Fonts/FIXED_V0.TTF
  artifactKey: Guid(c9913a69d9ca8df498d97147c8dcd003) Importer(815301076,1909f56bfc062723c751e8b465ee728b)
Start importing Assets/Fonts/FIXED_V0.TTF using Guid(c9913a69d9ca8df498d97147c8dcd003) Importer(815301076,1909f56bfc062723c751e8b465ee728b)  -> (artifact id: '65ec4c05114c547e1a32d3d98010822a') in 0.103380 seconds
  Import took 0.106708 seconds .

========================================================================
Received Import Request.
  Time since last request: 0.000148 seconds.
  path: Assets/Fonts/Squared.ttf
  artifactKey: Guid(b78719c4a37c8c9448822af8115886c3) Importer(815301076,1909f56bfc062723c751e8b465ee728b)
Start importing Assets/Fonts/Squared.ttf using Guid(b78719c4a37c8c9448822af8115886c3) Importer(815301076,1909f56bfc062723c751e8b465ee728b)  -> (artifact id: 'b603d89e75fc2974be8e9bcf50ddcdd2') in 0.034067 seconds
  Import took 0.038177 seconds .

========================================================================
Received Prepare
Registering precompiled user dll's ...
Registered in 0.000776 seconds.
Begin MonoManager ReloadAssembly
Native extension for WindowsStandalone target not found
Native extension for WebGL target not found
Refreshing native plugins compatible for Editor in 0.39 ms, found 1 plugins.
Preloading 0 native plugins for Editor in 0.00 ms.
Mono: successfully reloaded assembly
- Completed reload, in  1.100 seconds
Platform modules already initialized, skipping
Refreshing native plugins compatible for Editor in 0.49 ms, found 1 plugins.
Preloading 0 native plugins for Editor in 0.00 ms.
Unloading 1974 Unused Serialized files (Serialized files now loaded: 0)
System memory in use before: 95.2 MB.
System memory in use after: 95.2 MB.

Unloading 12 unused Assets to reduce memory usage. Loaded Objects now: 2559.
Total: 3.368000 ms (FindLiveObjects: 0.206000 ms CreateObjectMapping: 0.220600 ms MarkObjects: 2.751000 ms  DeleteObjects: 0.189000 ms)

========================================================================
Received Prepare
Registering precompiled user dll's ...
Registered in 0.001820 seconds.
Begin MonoManager ReloadAssembly
Native extension for WindowsStandalone target not found
Native extension for WebGL target not found
Refreshing native plugins compatible for Editor in 0.50 ms, found 1 plugins.
Preloading 0 native plugins for Editor in 0.00 ms.
Mono: successfully reloaded assembly
- Completed reload, in  1.923 seconds
Platform modules already initialized, skipping
Refreshing native plugins compatible for Editor in 0.52 ms, found 1 plugins.
Preloading 0 native plugins for Editor in 0.00 ms.
Unloading 1974 Unused Serialized files (Serialized files now loaded: 0)
System memory in use before: 95.2 MB.
System memory in use after: 95.2 MB.

Unloading 12 unused Assets to reduce memory usage. Loaded Objects now: 2563.
Total: 7.251400 ms (FindLiveObjects: 0.335200 ms CreateObjectMapping: 3.339900 ms MarkObjects: 3.079400 ms  DeleteObjects: 0.494900 ms)

========================================================================
Received Import Request.
  Time since last request: 730.464367 seconds.
  path: Assets/Scenes/wipIcon.png
  artifactKey: Guid(84097fd29f3199a49ba6d4aac41c9ee2) Importer(815301076,1909f56bfc062723c751e8b465ee728b)
Start importing Assets/Scenes/wipIcon.png using Guid(84097fd29f3199a49ba6d4aac41c9ee2) Importer(815301076,1909f56bfc062723c751e8b465ee728b)  -> (artifact id: 'cce9602c86d47ca2449fc72f46bfb528') in 0.167755 seconds
  Import took 0.174821 seconds .

========================================================================
Received Import Request.
  Time since last request: 107.091427 seconds.
  path: Assets/Scenes/Level3.unity
  artifactKey: Guid(0b799c2ac7ad49c45a0cfeef17e28f2b) Importer(815301076,1909f56bfc062723c751e8b465ee728b)
Start importing Assets/Scenes/Level3.unity using Guid(0b799c2ac7ad49c45a0cfeef17e28f2b) Importer(815301076,1909f56bfc062723c751e8b465ee728b)  -> (artifact id: 'a4cba02a87f541b2c06379e1cec15fae') in 0.012720 seconds
  Import took 0.015749 seconds .

========================================================================
Received Import Request.
  Time since last request: 7.578756 seconds.
  path: Assets/Scenes/Level4.unity
  artifactKey: Guid(a766bfa04037d014f8ad2c6680821757) Importer(815301076,1909f56bfc062723c751e8b465ee728b)
Start importing Assets/Scenes/Level4.unity using Guid(a766bfa04037d014f8ad2c6680821757) Importer(815301076,1909f56bfc062723c751e8b465ee728b)  -> (artifact id: 'b18276c12abfe86d537c509d0c45c61d') in 0.009870 seconds
  Import took 0.014002 seconds .

========================================================================
Received Import Request.
  Time since last request: 1.082577 seconds.
  path: Assets/Scenes/Level5.unity
  artifactKey: Guid(6e7fcec0717767f468b74b18cf59e8f7) Importer(815301076,1909f56bfc062723c751e8b465ee728b)
Start importing Assets/Scenes/Level5.unity using Guid(6e7fcec0717767f468b74b18cf59e8f7) Importer(815301076,1909f56bfc062723c751e8b465ee728b)  -> (artifact id: 'b63c2594c4ea939d83d394a57c137761') in 0.009507 seconds
  Import took 0.012917 seconds .

========================================================================
Received Import Request.
  Time since last request: 0.793212 seconds.
  path: Assets/Scenes/Level6.unity
  artifactKey: Guid(b39cb194b58ec5843a444e08a12232bb) Importer(815301076,1909f56bfc062723c751e8b465ee728b)
Start importing Assets/Scenes/Level6.unity using Guid(b39cb194b58ec5843a444e08a12232bb) Importer(815301076,1909f56bfc062723c751e8b465ee728b)  -> (artifact id: '9d50fef7a4f57b395516b7570a064ddb') in 0.009383 seconds
  Import took 0.013528 seconds .

========================================================================
Received Import Request.
  Time since last request: 0.562304 seconds.
  path: Assets/Scenes/Level7.unity
  artifactKey: Guid(d5c7eb259c6974a42b73cb2c459cdc20) Importer(815301076,1909f56bfc062723c751e8b465ee728b)
Start importing Assets/Scenes/Level7.unity using Guid(d5c7eb259c6974a42b73cb2c459cdc20) Importer(815301076,1909f56bfc062723c751e8b465ee728b)  -> (artifact id: 'd8f1c9efaa022c8890ae7d763553b767') in 0.010446 seconds
  Import took 0.013324 seconds .

========================================================================
Received Import Request.
  Time since last request: 8.548699 seconds.
  path: Assets/Scenes/Level8.unity
  artifactKey: Guid(f3aed902e97b96d42b877ec1b58f30af) Importer(815301076,1909f56bfc062723c751e8b465ee728b)
Start importing Assets/Scenes/Level8.unity using Guid(f3aed902e97b96d42b877ec1b58f30af) Importer(815301076,1909f56bfc062723c751e8b465ee728b)  -> (artifact id: 'fd2e45360f499029620aa39f7b4752ab') in 0.012630 seconds
  Import took 0.016621 seconds .

========================================================================
Received Import Request.
  Time since last request: 9.040228 seconds.
  path: Assets/Scenes/Level9.unity
  artifactKey: Guid(015b6caf06546a7479b4a0eed3d0a867) Importer(815301076,1909f56bfc062723c751e8b465ee728b)
Start importing Assets/Scenes/Level9.unity using Guid(015b6caf06546a7479b4a0eed3d0a867) Importer(815301076,1909f56bfc062723c751e8b465ee728b)  -> (artifact id: '5ef87a83e5d2bf6f5a8c6fec6c457a0a') in 0.013961 seconds
  Import took 0.017013 seconds .

========================================================================
Received Import Request.
  Time since last request: 5.649596 seconds.
  path: Assets/Scenes/Level10.unity
  artifactKey: Guid(1ce0f5afd5f9f4c4bb710f06f1743718) Importer(815301076,1909f56bfc062723c751e8b465ee728b)
Start importing Assets/Scenes/Level10.unity using Guid(1ce0f5afd5f9f4c4bb710f06f1743718) Importer(815301076,1909f56bfc062723c751e8b465ee728b)  -> (artifact id: '8d2130bbb65d23d9847e851d8fb6dd57') in 0.013783 seconds
  Import took 0.017771 seconds .

========================================================================
Received Import Request.
  Time since last request: 8.296243 seconds.
  path: Assets/Scenes/Level11.unity
  artifactKey: Guid(aaa18597cc8da7a448e939058315a4ec) Importer(815301076,1909f56bfc062723c751e8b465ee728b)
Start importing Assets/Scenes/Level11.unity using Guid(aaa18597cc8da7a448e939058315a4ec) Importer(815301076,1909f56bfc062723c751e8b465ee728b)  -> (artifact id: '2d28582e07d3e17983ae41cf04604382') in 0.011427 seconds
  Import took 0.014487 seconds .

========================================================================
Received Import Request.
  Time since last request: 13.683354 seconds.
  path: Assets/Scenes/Level12.unity
  artifactKey: Guid(d44fff6d88e4482419fc4e847336ecec) Importer(815301076,1909f56bfc062723c751e8b465ee728b)
Start importing Assets/Scenes/Level12.unity using Guid(d44fff6d88e4482419fc4e847336ecec) Importer(815301076,1909f56bfc062723c751e8b465ee728b)  -> (artifact id: 'bd2efb025f52ce7b5fbffb86ad363217') in 0.018998 seconds
  Import took 0.022768 seconds .

========================================================================
Received Import Request.
  Time since last request: 10.069902 seconds.
  path: Assets/Scenes/Level13.unity
  artifactKey: Guid(f57660247ca948444b31cfba2f8a5b41) Importer(815301076,1909f56bfc062723c751e8b465ee728b)
Start importing Assets/Scenes/Level13.unity using Guid(f57660247ca948444b31cfba2f8a5b41) Importer(815301076,1909f56bfc062723c751e8b465ee728b)  -> (artifact id: '11136fbf302d819a42714050322b5822') in 0.007713 seconds
  Import took 0.011867 seconds .

========================================================================
Received Import Request.
  Time since last request: 0.000585 seconds.
  path: Assets/Scenes/Level13.unity
  artifactKey: Guid(f57660247ca948444b31cfba2f8a5b41) Importer(815301076,1909f56bfc062723c751e8b465ee728b)
Start importing Assets/Scenes/Level13.unity using Guid(f57660247ca948444b31cfba2f8a5b41) Importer(815301076,1909f56bfc062723c751e8b465ee728b)  -> (artifact id: '11136fbf302d819a42714050322b5822') in 0.002867 seconds
  Import took 0.006790 seconds .

========================================================================
Received Import Request.
  Time since last request: 2.788378 seconds.
  path: Assets/Scenes/Level14.unity
  artifactKey: Guid(86f387412a1c6c04a99e20fa85e5f083) Importer(815301076,1909f56bfc062723c751e8b465ee728b)
Start importing Assets/Scenes/Level14.unity using Guid(86f387412a1c6c04a99e20fa85e5f083) Importer(815301076,1909f56bfc062723c751e8b465ee728b)  -> (artifact id: 'c4129955746aada67eae44649142574a') in 0.009175 seconds
  Import took 0.013005 seconds .

========================================================================
Received Import Request.
  Time since last request: 15.581948 seconds.
  path: Assets/Scenes/EmptyLevelTemplate 2.unity
  artifactKey: Guid(de6fa141dcad0af46ad42d70f5dfaeee) Importer(815301076,1909f56bfc062723c751e8b465ee728b)
Start importing Assets/Scenes/EmptyLevelTemplate 2.unity using Guid(de6fa141dcad0af46ad42d70f5dfaeee) Importer(815301076,1909f56bfc062723c751e8b465ee728b)  -> (artifact id: '71bb3ec26b0d2338970d384b2944a34b') in 0.009242 seconds
  Import took 0.013115 seconds .

========================================================================
Received Import Request.
  Time since last request: 4.661088 seconds.
  path: Assets/Scenes/Level15.unity
  artifactKey: Guid(de6fa141dcad0af46ad42d70f5dfaeee) Importer(815301076,1909f56bfc062723c751e8b465ee728b)
Start importing Assets/Scenes/Level15.unity using Guid(de6fa141dcad0af46ad42d70f5dfaeee) Importer(815301076,1909f56bfc062723c751e8b465ee728b)  -> (artifact id: '9ea68b701d28476637fe39e67611b7ad') in 0.014597 seconds
  Import took 0.020130 seconds .

========================================================================
Received Prepare
Registering precompiled user dll's ...
Registered in 0.000793 seconds.
Begin MonoManager ReloadAssembly
Native extension for WindowsStandalone target not found
Native extension for WebGL target not found
Refreshing native plugins compatible for Editor in 0.38 ms, found 1 plugins.
Preloading 0 native plugins for Editor in 0.00 ms.
Mono: successfully reloaded assembly
- Completed reload, in  1.184 seconds
Platform modules already initialized, skipping
Refreshing native plugins compatible for Editor in 0.44 ms, found 1 plugins.
Preloading 0 native plugins for Editor in 0.00 ms.
Unloading 1974 Unused Serialized files (Serialized files now loaded: 0)
System memory in use before: 95.3 MB.
System memory in use after: 95.3 MB.

Unloading 12 unused Assets to reduce memory usage. Loaded Objects now: 2569.
Total: 5.829800 ms (FindLiveObjects: 0.426800 ms CreateObjectMapping: 0.159100 ms MarkObjects: 3.367600 ms  DeleteObjects: 1.874500 ms)

========================================================================
Received Prepare
Registering precompiled user dll's ...
Registered in 0.001493 seconds.
Begin MonoManager ReloadAssembly
Native extension for WindowsStandalone target not found
Native extension for WebGL target not found
Refreshing native plugins compatible for Editor in 0.36 ms, found 1 plugins.
Preloading 0 native plugins for Editor in 0.00 ms.
Mono: successfully reloaded assembly
- Completed reload, in  1.157 seconds
Platform modules already initialized, skipping
Refreshing native plugins compatible for Editor in 0.43 ms, found 1 plugins.
Preloading 0 native plugins for Editor in 0.00 ms.
Unloading 1974 Unused Serialized files (Serialized files now loaded: 0)
System memory in use before: 95.3 MB.
System memory in use after: 95.3 MB.

Unloading 12 unused Assets to reduce memory usage. Loaded Objects now: 2573.
Total: 2.123400 ms (FindLiveObjects: 0.214300 ms CreateObjectMapping: 0.089800 ms MarkObjects: 1.728400 ms  DeleteObjects: 0.089600 ms)

